# macvim
ansible
ansible-lint
awless
aws-shell
awscli
bash
bash-completion@2
binutils
blackbox
brew-cask-completion
brew-pip
cask
cmake
colordiff
consul-template
coreutils
curl
docker-completion
docker-compose-completion
docker-ls
ec2-ami-tools
ec2-api-tools
exif
exiftool
findutils
gawk
gcal
git
gnu-getopt
gnu-sed
gnu-tar
htop
imagemagick
ipcalc
iproute2mac
jid
jq
kops
kubectx
kubernetes-cli
kubernetes-helm
make
moreutils
mtr
ncdu
ngrep
nmap
node
openshift-cli
openssl
packer
pipenv
pre-commit
pyenv
pyenv-virtualenv
python
reattach-to-user-namespace
remarshal
s3cmd
shellcheck
source-highlight
stern
telnet
terraform
terraform-docs
terragrunt
tldr
tmux
tmux-xpanes
tree
vagrant-completion
vault
vim
w3m
watch
wget
whois
xhyve
